0 info it worked if it ends with ok
1 verbose cli [ 'D:\\Empolder\\nodejs\\node.exe',
1 verbose cli   'D:\\Empolder\\nodejs\\node_modules\\npm\\bin\\npm-cli.js',
1 verbose cli   'start' ]
2 info using npm@3.10.10
3 info using node@v6.9.5
4 verbose run-script [ 'prestart', 'start', 'poststart' ]
5 info lifecycle c818e6@1.1.1~prestart: c818e6@1.1.1
6 silly lifecycle c818e6@1.1.1~prestart: no script for prestart, continuing
7 info lifecycle c818e6@1.1.1~start: c818e6@1.1.1
8 verbose lifecycle c818e6@1.1.1~start: unsafe-perm in lifecycle true
9 verbose lifecycle c818e6@1.1.1~start: PATH: D:\Empolder\nodejs\node_modules\npm\bin\node-gyp-bin;D:\Empolder\WebWorkspaces\c818e6\node_modules\.bin;D:\Python27\;D:\Python27\Scripts;C:\ProgramData\Oracle\Java\javapath;C:\WINDOWS\system32;C:\WINDOWS;C:\WINDOWS\System32\Wbem;C:\WINDOWS\System32\WindowsPowerShell\v1.0\;D:\Empolder\nodejs\;D:\Empolder\TortoiseGit\bin;C:\Program Files\Java\jdk1.8.0_40\bin;.;C:\Program Files\Java\jdk1.8.0_40\lib\dt.jar;C:\Program Files\Java\jdk1.8.0_40\lib\tools.jar;D:\Empolder\phpStudy\MySQL\bin\;C:\Program Files\Intel\WiFi\bin\;C:\Program Files\Common Files\Intel\WirelessCommon\;C:\Program Files (x86)\NVIDIA Corporation\PhysX\Common;C:\Program Files (x86)\Windows Kits\10\Windows Performance Toolkit\;C:\Program Files\Microsoft SQL Server\130\Tools\Binn\;C:\Program Files\dotnet\;C:\WINDOWS\system32;C:\WINDOWS;C:\WINDOWS\System32\Wbem;C:\WINDOWS\System32\WindowsPowerShell\v1.0\;D:\Empolder\Git\cmd;C:\Users\ZL\AppData\Local\Microsoft\WindowsApps;C:\Users\ZL\AppData\Roaming\npm;D:\Empolder\Microsoft VS Code\bin
10 verbose lifecycle c818e6@1.1.1~start: CWD: D:\Empolder\WebWorkspaces\c818e6
11 silly lifecycle c818e6@1.1.1~start: Args: [ '/d /s /c', 'node ./bin/www' ]
12 verbose stack Error: kill ENOSYS
12 verbose stack     at exports._errnoException (util.js:1022:11)
12 verbose stack     at process.kill (internal/process.js:172:13)
12 verbose stack     at process.listener (D:\Empolder\nodejs\node_modules\npm\node_modules\npmlog\node_modules\gauge\node_modules\signal-exit\index.js:86:15)
12 verbose stack     at emitNone (events.js:91:20)
12 verbose stack     at process.emit (events.js:185:7)
12 verbose stack     at processEmit (D:\Empolder\nodejs\node_modules\npm\node_modules\npmlog\node_modules\gauge\node_modules\signal-exit\index.js:146:32)
12 verbose stack     at processEmit (D:\Empolder\nodejs\node_modules\npm\node_modules\npm-registry-client\node_modules\npmlog\node_modules\gauge\node_modules\signal-exit\index.js:146:32)
12 verbose stack     at Signal.wrap.onsignal (internal/process.js:199:44)
13 verbose cwd D:\Empolder\WebWorkspaces\c818e6
14 error Windows_NT 10.0.16184
15 error argv "D:\\Empolder\\nodejs\\node.exe" "D:\\Empolder\\nodejs\\node_modules\\npm\\bin\\npm-cli.js" "start"
16 error node v6.9.5
17 error npm  v3.10.10
18 error code ENOSYS
19 error errno ENOSYS
20 error syscall kill
21 error kill ENOSYS
22 error If you need help, you may report this error at:
22 error     <https://github.com/npm/npm/issues>
23 verbose exit [ 1, true ]
